GPU available: True (cuda), used: True
TPU available: False, using: 0 TPU cores
HPU available: False, using: 0 HPUs
/blue/ewhite/b.weinstein/src/MillionTrees/src/milliontrees/datasets/TreeBoxes.py:127: DtypeWarning: Columns (15,17,18,20,21,22) have mixed types. Specify dtype option on import or set low_memory=False.
  df = pd.read_csv(self._data_dir / '{}.csv'.format(split_scheme))
/blue/ewhite/b.weinstein/src/MillionTrees/src/milliontrees/datasets/TreeBoxes.py:229: FutureWarning: DataFrameGroupBy.apply operated on the grouping columns. This behavior is deprecated, and in a future version of pandas the grouping columns will be excluded from the operation. Either pass `include_groups=False` to exclude the groupings or explicitly select the grouping columns after groupby to silence this warning.
  self._input_lookup = df.groupby('filename').apply(
/blue/ewhite/b.weinstein/src/MillionTrees/src/milliontrees/datasets/milliontrees_dataset.py:45: UserWarning: To copy construct from a tensor, it is recommended to use sourceTensor.detach().clone() or sourceTensor.detach().clone().requires_grad_(True), rather than torch.tensor(sourceTensor).
  metadata = torch.tensor(self.metadata_array[idx])
GPU available: True (cuda), used: True
TPU available: False, using: 0 TPU cores
HPU available: False, using: 0 HPUs
DtypeWarning: Columns (2,6,7,8,11,12,16,17,29,30,38,39,40,47,51,52,53,54,60,61,62,63,64,69,83,84,85) have mixed types. Specify dtype option on import or set low_memory=False.
FutureWarning: DataFrameGroupBy.apply operated on the grouping columns. This behavior is deprecated, and in a future version of pandas the grouping columns will be excluded from the operation. Either pass `include_groups=False` to exclude the groupings or explicitly select the grouping columns after groupby to silence this warning.
Traceback (most recent call last):
  File "/blue/ewhite/b.weinstein/src/MillionTrees/docs/examples/baseline_polygons.py", line 205, in <module>
    main()
  File "/blue/ewhite/b.weinstein/src/MillionTrees/docs/examples/baseline_polygons.py", line 170, in main
    for batch in test_loader:
                 ^^^^^^^^^^^
  File "/blue/ewhite/b.weinstein/src/MillionTrees/.venv/lib/python3.12/site-packages/torch/utils/data/dataloader.py", line 734, in __next__
    data = self._next_data()
           ^^^^^^^^^^^^^^^^^
  File "/blue/ewhite/b.weinstein/src/MillionTrees/.venv/lib/python3.12/site-packages/torch/utils/data/dataloader.py", line 790, in _next_data
    data = self._dataset_fetcher.fetch(index)  # may raise StopIteration
           ^^^^^^^^^^^^^^^^^^^^^^^^^^^^^^^^^^
  File "/blue/ewhite/b.weinstein/src/MillionTrees/.venv/lib/python3.12/site-packages/torch/utils/data/_utils/fetch.py", line 55, in fetch
    return self.collate_fn(data)
           ^^^^^^^^^^^^^^^^^^^^^
  File "/blue/ewhite/b.weinstein/src/MillionTrees/.venv/lib/python3.12/site-packages/torch/utils/data/_utils/collate.py", line 398, in default_collate
    return collate(batch, collate_fn_map=default_collate_fn_map)
           ^^^^^^^^^^^^^^^^^^^^^^^^^^^^^^^^^^^^^^^^^^^^^^^^^^^^^
  File "/blue/ewhite/b.weinstein/src/MillionTrees/.venv/lib/python3.12/site-packages/torch/utils/data/_utils/collate.py", line 212, in collate
    collate(samples, collate_fn_map=collate_fn_map)
  File "/blue/ewhite/b.weinstein/src/MillionTrees/.venv/lib/python3.12/site-packages/torch/utils/data/_utils/collate.py", line 172, in collate
    key: collate(
         ^^^^^^^^
  File "/blue/ewhite/b.weinstein/src/MillionTrees/.venv/lib/python3.12/site-packages/torch/utils/data/_utils/collate.py", line 155, in collate
    return collate_fn_map[elem_type](batch, collate_fn_map=collate_fn_map)
           ^^^^^^^^^^^^^^^^^^^^^^^^^^^^^^^^^^^^^^^^^^^^^^^^^^^^^^^^^^^^^^^
  File "/blue/ewhite/b.weinstein/src/MillionTrees/.venv/lib/python3.12/site-packages/torch/utils/data/_utils/collate.py", line 272, in collate_tensor_fn
    return torch.stack(batch, 0, out=out)
           ^^^^^^^^^^^^^^^^^^^^^^^^^^^^^^
RuntimeError: stack expects each tensor to be equal size, but got [2, 448, 448] at entry 0 and [1, 448, 448] at entry 1
usage: baseline_points.py [-h] [--root-dir ROOT_DIR] [--batch-size BATCH_SIZE]
                          [--plot-interval PLOT_INTERVAL]
                          [--output-dir OUTPUT_DIR]
                          [--max-batches MAX_BATCHES]
baseline_points.py: error: unrecognized arguments: --out-dir=runs/examples/15268472
