Traceback (most recent call last):
  File "/blue/ewhite/b.weinstein/src/MillionTrees/docs/examples/baseline_boxes.py", line 15, in <module>
    from milliontrees import get_dataset
  File "/blue/ewhite/b.weinstein/src/MillionTrees/src/milliontrees/__init__.py", line 19, in <module>
    dataset = get_dataset(dataset_name)
              ^^^^^^^^^^^^^^^^^^^^^^^^^
  File "/blue/ewhite/b.weinstein/src/MillionTrees/src/milliontrees/get_dataset.py", line 15, in get_dataset
    if dataset not in milliontrees.supported_datasets:
                      ^^^^^^^^^^^^^^^^^^^^^^^^^^^^^^^
AttributeError: partially initialized module 'milliontrees' has no attribute 'supported_datasets' (most likely due to a circular import)
/blue/ewhite/b.weinstein/src/MillionTrees/.venv/lib/python3.12/site-packages/outdated/__init__.py:36: UserWarning: pkg_resources is deprecated as an API. See https://setuptools.pypa.io/en/latest/pkg_resources.html. The pkg_resources package is slated for removal as early as 2025-11-30. Refrain from using this package or pin to Setuptools<81.
  from pkg_resources import parse_version
Traceback (most recent call last):
  File "/blue/ewhite/b.weinstein/src/MillionTrees/docs/examples/baseline_polygons.py", line 14, in <module>
    from milliontrees import get_dataset
  File "/blue/ewhite/b.weinstein/src/MillionTrees/src/milliontrees/__init__.py", line 19, in <module>
    dataset = get_dataset(dataset_name)
              ^^^^^^^^^^^^^^^^^^^^^^^^^
  File "/blue/ewhite/b.weinstein/src/MillionTrees/src/milliontrees/get_dataset.py", line 15, in get_dataset
    if dataset not in milliontrees.supported_datasets:
                      ^^^^^^^^^^^^^^^^^^^^^^^^^^^^^^^
AttributeError: partially initialized module 'milliontrees' has no attribute 'supported_datasets' (most likely due to a circular import)
UserWarning: pkg_resources is deprecated as an API. See https://setuptools.pypa.io/en/latest/pkg_resources.html. The pkg_resources package is slated for removal as early as 2025-11-30. Refrain from using this package or pin to Setuptools<81.
Traceback (most recent call last):
  File "/blue/ewhite/b.weinstein/src/MillionTrees/docs/examples/baseline_points.py", line 15, in <module>
    from milliontrees import get_dataset
  File "/blue/ewhite/b.weinstein/src/MillionTrees/src/milliontrees/__init__.py", line 19, in <module>
    dataset = get_dataset(dataset_name)
              ^^^^^^^^^^^^^^^^^^^^^^^^^
  File "/blue/ewhite/b.weinstein/src/MillionTrees/src/milliontrees/get_dataset.py", line 15, in get_dataset
    if dataset not in milliontrees.supported_datasets:
                      ^^^^^^^^^^^^^^^^^^^^^^^^^^^^^^^
AttributeError: partially initialized module 'milliontrees' has no attribute 'supported_datasets' (most likely due to a circular import)
UserWarning: pkg_resources is deprecated as an API. See https://setuptools.pypa.io/en/latest/pkg_resources.html. The pkg_resources package is slated for removal as early as 2025-11-30. Refrain from using this package or pin to Setuptools<81.
