usage: baseline_boxes.py [-h] [--root-dir ROOT_DIR] [--batch-size BATCH_SIZE]
                         [--plot-interval PLOT_INTERVAL]
                         [--gallery-rows GALLERY_ROWS]
                         [--gallery-cols GALLERY_COLS]
                         [--gallery-dpi GALLERY_DPI] [--output-dir OUTPUT_DIR]
                         [--max-batches MAX_BATCHES]
baseline_boxes.py: error: unrecognized arguments: --out-dir=runs/examples/17613712
/blue/ewhite/b.weinstein/src/MillionTrees/.venv/lib/python3.12/site-packages/outdated/__init__.py:36: UserWarning: pkg_resources is deprecated as an API. See https://setuptools.pypa.io/en/latest/pkg_resources.html. The pkg_resources package is slated for removal as early as 2025-11-30. Refrain from using this package or pin to Setuptools<81.
  from pkg_resources import parse_version
usage: baseline_polygons.py [-h] [--root-dir ROOT_DIR]
                            [--batch-size BATCH_SIZE]
                            [--plot-interval PLOT_INTERVAL]
                            [--output-dir OUTPUT_DIR]
                            [--max-batches MAX_BATCHES]
baseline_polygons.py: error: unrecognized arguments: --out-dir=runs/examples/17613712
UserWarning: pkg_resources is deprecated as an API. See https://setuptools.pypa.io/en/latest/pkg_resources.html. The pkg_resources package is slated for removal as early as 2025-11-30. Refrain from using this package or pin to Setuptools<81.
usage: baseline_points.py [-h] [--root-dir ROOT_DIR] [--batch-size BATCH_SIZE]
                          [--plot-interval PLOT_INTERVAL]
                          [--output-dir OUTPUT_DIR]
                          [--max-batches MAX_BATCHES]
baseline_points.py: error: unrecognized arguments: --out-dir=runs/examples/17613712
UserWarning: pkg_resources is deprecated as an API. See https://setuptools.pypa.io/en/latest/pkg_resources.html. The pkg_resources package is slated for removal as early as 2025-11-30. Refrain from using this package or pin to Setuptools<81.
