error: Failed to generate package metadata for `milliontrees==0.1.2 @ editable+.`
  Caused by: The build backend returned an error
  Caused by: Call to `setuptools.build_meta.build_editable` failed (exit status: 1)

[stdout]
configuration error: `project.optional-dependencies.dev[12]` must be pep508
DESCRIPTION:
    Project dependency specification according to PEP 508

GIVEN VALUE:
    "git+https://github.com/Weecology/DeepForest.git"

OFFENDING RULE: 'format'

DEFINITION:
    {
        "$id": "#/definitions/dependency",
        "title": "Dependency",
        "type": "string",
        "format": "pep508"
    }

For more details about `format` see
https://validate-pyproject.readthedocs.io/en/latest/api/validate_pyproject.formats.html


[stderr]
toml section missing PosixPath('pyproject.toml') does not contain a tool.setuptools_scm section
Traceback (most recent call last):
  File "<string>", line 14, in <module>
  File "/blue/ewhite/b.weinstein/.cache/uv/builds-v0/.tmpZD9o90/lib/python3.12/site-packages/setuptools/build_meta.py", line 473, in get_requires_for_build_editable
    return self.get_requires_for_build_wheel(config_settings)
           ^^^^^^^^^^^^^^^^^^^^^^^^^^^^^^^^^^^^^^^^^^^^^^^^^^
  File "/blue/ewhite/b.weinstein/.cache/uv/builds-v0/.tmpZD9o90/lib/python3.12/site-packages/setuptools/build_meta.py", line 331, in get_requires_for_build_wheel
    return self._get_build_requires(config_settings, requirements=[])
           ^^^^^^^^^^^^^^^^^^^^^^^^^^^^^^^^^^^^^^^^^^^^^^^^^^^^^^^^^^
  File "/blue/ewhite/b.weinstein/.cache/uv/builds-v0/.tmpZD9o90/lib/python3.12/site-packages/setuptools/build_meta.py", line 301, in _get_build_requires
    self.run_setup()
  File "/blue/ewhite/b.weinstein/.cache/uv/builds-v0/.tmpZD9o90/lib/python3.12/site-packages/setuptools/build_meta.py", line 317, in run_setup
    exec(code, locals())
  File "<string>", line 1, in <module>
  File "/blue/ewhite/b.weinstein/.cache/uv/builds-v0/.tmpZD9o90/lib/python3.12/site-packages/setuptools/__init__.py", line 115, in setup
    return distutils.core.setup(**attrs)
           ^^^^^^^^^^^^^^^^^^^^^^^^^^^^^
  File "/blue/ewhite/b.weinstein/.cache/uv/builds-v0/.tmpZD9o90/lib/python3.12/site-packages/setuptools/_distutils/core.py", line 160, in setup
    dist.parse_config_files()
  File "/blue/ewhite/b.weinstein/.cache/uv/builds-v0/.tmpZD9o90/lib/python3.12/site-packages/_virtualenv.py", line 20, in parse_config_files
    result = old_parse_config_files(self, *args, **kwargs)
             ^^^^^^^^^^^^^^^^^^^^^^^^^^^^^^^^^^^^^^^^^^^^^
  File "/blue/ewhite/b.weinstein/.cache/uv/builds-v0/.tmpZD9o90/lib/python3.12/site-packages/setuptools/dist.py", line 756, in parse_config_files
    pyprojecttoml.apply_configuration(self, filename, ignore_option_errors)
  File "/blue/ewhite/b.weinstein/.cache/uv/builds-v0/.tmpZD9o90/lib/python3.12/site-packages/setuptools/config/pyprojecttoml.py", line 72, in apply_configuration
    config = read_configuration(filepath, True, ignore_option_errors, dist)
             ^^^^^^^^^^^^^^^^^^^^^^^^^^^^^^^^^^^^^^^^^^^^^^^^^^^^^^^^^^^^^^
  File "/blue/ewhite/b.weinstein/.cache/uv/builds-v0/.tmpZD9o90/lib/python3.12/site-packages/setuptools/config/pyprojecttoml.py", line 140, in read_configuration
    validate(subset, filepath)
  File "/blue/ewhite/b.weinstein/.cache/uv/builds-v0/.tmpZD9o90/lib/python3.12/site-packages/setuptools/config/pyprojecttoml.py", line 61, in validate
    raise ValueError(f"{error}\n{summary}") from None
ValueError: invalid pyproject.toml config: `project.optional-dependencies.dev[12]`.
configuration error: `project.optional-dependencies.dev[12]` must be pep508

hint: This usually indicates a problem with the package or the build environment.
